[1;95m+------------------------------------------------------------------+[0;39m
[1;96mDate:19.01.20-00:03
Server Name: client1
kernelrelease: 3.10.0-1062.9.1.el7.x86_64
Internal IP: 192.168.174.139 192.168.174.138 192.168.122.1 172.17.0.1 
External IP: 49.36.140.223
uptime:  00:03:42 up  1:13,  2 users,  load average: 0.14, 0.07, 0.06\033[0;39m
[1;95m+------------------------------------------------------------------+[0;39m
[1;95m		Top CPU Process Using top command[0;39m
[1;95m+------------------------------------------------------------------+[0;39m
[1;94mtop - 00:03:44 up  1:13,  2 users,  load average: 0.14, 0.07, 0.06
Tasks: 145 total,   1 running, 144 sleeping,   0 stopped,   0 zombie
%Cpu(s):  4.5 us, 27.3 sy,  0.0 ni, 68.2 id,  0.0 wa,  0.0 hi,  0.0 si,  0.0 st
KiB Mem :   995732 total,   387340 free,   309144 used,   299248 buff/cache
KiB Swap:   839676 total,   839676 free,        0 used.   534204 avail Mem 

   PID USER      PR  NI    VIRT    RES    SHR S %CPU %MEM     TIME+ COMMAND
  3010 root      20   0  161888   2132   1516 R 20.0  0.2   0:00.08 top
     1 root      20   0  128272   6932   4212 S  0.0  0.7   0:01.90 systemd
     2 root      20   0       0      0      0 S  0.0  0.0   0:00.00 kthreadd
     4 root       0 -20       0      0      0 S  0.0  0.0   0:00.00 kworker/0:+
     5 root      20   0       0      0      0 S  0.0  0.0   0:00.23 kworker/u2+
     6 root      20   0       0      0      0 S  0.0  0.0   0:00.22 ksoftirqd/0
     7 root      rt   0       0      0      0 S  0.0  0.0   0:00.00 migration/0
     8 root      20   0       0      0      0 S  0.0  0.0   0:00.00 rcu_bh
     9 root      20   0       0      0      0 S  0.0  0.0   0:01.10 rcu_sched
    10 root       0 -20       0      0      0 S  0.0  0.0   0:00.00 lru-add-dr+
    11 root      rt   0       0      0      0 S  0.0  0.0   0:00.06 watchdog/0
    13 root      20   0       0      0      0 S  0.0  0.0   0:00.00 kdevtmpfs
    14 root       0 -20       0      0      0 S  0.0  0.0   0:00.00 netns[0;39m

Summary:
[1;94mLinux 3.10.0-1062.9.1.el7.x86_64 (client1.example.com) 	01/19/2020 	_x86_64_	(1 CPU)

12:03:44 AM     CPU     %user     %nice   %system   %iowait    %steal     %idle
12:03:49 AM     all      0.00      0.00      0.61      0.00      0.00     99.39
12:03:54 AM     all      0.20      0.00      0.81      0.00      0.00     98.99
12:03:59 AM     all      0.20      0.00      0.81      0.00      0.00     98.99
12:04:04 AM     all      0.00      0.00      0.20      0.00      0.00     99.80
12:04:09 AM     all      0.20      0.00      0.40      0.00      0.00     99.39
Average:        all      0.12      0.00      0.57      0.00      0.00     99.31[0;39m
[1;95m+------------------------------------------------------------------+[0;39m
[1;95m		Top Memory Process Using top command[0;39m
[1;95m+------------------------------------------------------------------+[0;39m
[1;94mtop - 00:04:09 up  1:13,  2 users,  load average: 0.09, 0.06, 0.06
Tasks: 145 total,   2 running, 143 sleeping,   0 stopped,   0 zombie
%Cpu(s):  5.6 us, 11.1 sy,  0.0 ni, 83.3 id,  0.0 wa,  0.0 hi,  0.0 si,  0.0 st
KiB Mem :   995732 total,   387384 free,   309056 used,   299292 buff/cache
KiB Swap:   839676 total,   839676 free,        0 used.   534332 avail Mem 

   PID USER      PR  NI    VIRT    RES    SHR S %CPU %MEM     TIME+ COMMAND
   843 root      20   0  588224  71260  26736 S  0.0  7.2   0:02.92 dockerd
   841 root      20   0  483284  41096  14392 S  0.0  4.1   0:17.52 containerd
   828 root      20   0 1016568  20576  11336 S  0.0  2.1   0:00.43 libvirtd
   821 root      20   0  574212  19500   6120 S  0.0  2.0   0:01.38 tuned
   558 polkitd   20   0  624596  13264   4740 S  0.0  1.3   0:00.08 polkitd
   559 root      20   0  478604  11036   6876 S  0.0  1.1   0:00.26 NetworkMan+
  1478 root      20   0  231648   9424   4388 S  0.0  0.9   0:00.04 python
     1 root      20   0  128272   6932   4212 S  0.0  0.7   0:01.92 systemd
   526 root      20   0  250760   6748   5260 S  5.9  0.7   0:11.96 vmtoolsd
  1433 root      20   0  175536   6108   4712 S  0.0  0.6   0:00.33 sshd
   525 root      20   0   99684   6076   4460 S  0.0  0.6   0:00.03 VGAuthServ+
   548 root      20   0  228284   5808   3872 S  0.0  0.6   0:00.03 abrtd
  2770 root      20   0  166964   5656   4328 S  0.0  0.6   0:00.22 sshd[0;39m

Summary:
[1;94m              total        used        free      shared  buff/cache   available
Mem:            972         301         378           8         292         522
Swap:           819           0         819[0;39m
[1;95m+------------------------------------------------------------------+[0;39m
[1;95m		FileSystem Utilization Report[0;39m
[1;95m+------------------------------------------------------------------+[0;39m
[1;94mFilesystem                 Size  Used Avail Use% Mounted on
/dev/sda3                  6.9G  5.3G  1.7G  77% /
/dev/sda1                  297M  206M   92M  70% /boot[0;39m

[1;95m+------------------------------------------------------------------+[0;39m
[1;95m		Overall I/O Activities Report[0;39m
[1;95m+------------------------------------------------------------------+[0;39m
[1;94mLinux 3.10.0-1062.9.1.el7.x86_64 (client1.example.com) 	01/19/2020 	_x86_64_	(1 CPU)

12:04:09 AM       tps      rtps      wtps   bread/s   bwrtn/s
12:04:10 AM      0.00      0.00      0.00      0.00      0.00
12:04:11 AM      0.00      0.00      0.00      0.00      0.00
12:04:12 AM      0.00      0.00      0.00      0.00      0.00
Average:         0.00      0.00      0.00      0.00      0.00[0;39m
 
[1;94mLinux 3.10.0-1062.9.1.el7.x86_64 (client1.example.com) 	01/19/2020 	_x86_64_	(1 CPU)

12:04:12 AM       DEV       tps  rd_sec/s  wr_sec/s  avgrq-sz  avgqu-sz     await     svctm     %util
12:04:13 AM       sda      7.07      0.00     64.65      9.14      0.00      0.29      0.29      0.20
12:04:13 AM       sdb      0.00      0.00      0.00      0.00      0.00      0.00      0.00      0.00
12:04:13 AM oravg-lv_ext4      0.00      0.00      0.00      0.00      0.00      0.00      0.00      0.00
12:04:13 AM oravg-lv_xfs      0.00      0.00      0.00      0.00      0.00      0.00      0.00      0.00

Average:          DEV       tps  rd_sec/s  wr_sec/s  avgrq-sz  avgqu-sz     await     svctm     %util
Average:          sda      7.07      0.00     64.65      9.14      0.00      0.29      0.29      0.20
Average:          sdb      0.00      0.00      0.00      0.00      0.00      0.00      0.00      0.00
Average:    oravg-lv_ext4      0.00      0.00      0.00      0.00      0.00      0.00      0.00      0.00
Average:    oravg-lv_xfs      0.00      0.00      0.00      0.00      0.00      0.00      0.00      0.00[0;39m
 
Abbreviations:
[1;96mrd_sec/s: This shows you the total number of sectors on that device which is being read
wr_sec/s: If rd_sec/s is sectors being read per second then obviously wr_sec is sectors being written per second
avgrq-sz: This column shows the average
await   : This shows the total number of time that the processor waited for requests regarding IO
%util   : This column shows the usage of cpu in percentage when the request was generated
tps     : Transactions per second (this includes both read and write)
rtps    : Read transactions per second
wtps    : Write transactions per second
bread/s : Bytes read per second
bwrtn/s : Bytes written per second 
[0;39m
