[1;95m+------------------------------------------------------------------+[0;39m
[1;96mDate:11.01.20-02:26
Server Name: client1
kernelrelease: 3.10.0-1062.4.1.el7.x86_64
Internal IP: 192.168.174.139 192.168.174.138 192.168.122.1 
External IP: 49.36.138.165
uptime:  02:26:20 up 10 min,  1 user,  load average: 0.00, 0.07, 0.09\033[0;39m
[1;95m+------------------------------------------------------------------+[0;39m
[1;95m		Top CPU Process Using top command[0;39m
[1;95m+------------------------------------------------------------------+[0;39m
[1;94mtop - 02:26:20 up 10 min,  1 user,  load average: 0.00, 0.07, 0.09
Tasks: 138 total,   2 running, 136 sleeping,   0 stopped,   0 zombie
%Cpu(s):  0.0 us, 21.1 sy,  0.0 ni, 78.9 id,  0.0 wa,  0.0 hi,  0.0 si,  0.0 st
KiB Mem :   995748 total,   655832 free,   177700 used,   162216 buff/cache
KiB Swap:   839676 total,   839676 free,        0 used.   669056 avail Mem 

   PID USER      PR  NI    VIRT    RES    SHR S %CPU %MEM     TIME+ COMMAND
  1672 root      20   0  161888   2128   1516 R 18.8  0.2   0:00.04 top
     1 root      20   0  128276   6864   4192 S  0.0  0.7   0:02.28 systemd
     2 root      20   0       0      0      0 S  0.0  0.0   0:00.00 kthreadd
     4 root       0 -20       0      0      0 S  0.0  0.0   0:00.00 kworker/0:+
     5 root      20   0       0      0      0 S  0.0  0.0   0:00.05 kworker/u2+
     6 root      20   0       0      0      0 S  0.0  0.0   0:00.13 ksoftirqd/0
     7 root      rt   0       0      0      0 S  0.0  0.0   0:00.00 migration/0
     8 root      20   0       0      0      0 S  0.0  0.0   0:00.00 rcu_bh
     9 root      20   0       0      0      0 R  0.0  0.0   0:01.10 rcu_sched
    10 root       0 -20       0      0      0 S  0.0  0.0   0:00.00 lru-add-dr+
    11 root      rt   0       0      0      0 S  0.0  0.0   0:00.00 watchdog/0
    13 root      20   0       0      0      0 S  0.0  0.0   0:00.00 kdevtmpfs
    14 root       0 -20       0      0      0 S  0.0  0.0   0:00.00 netns[0;39m

Summary:
[1;94mLinux 3.10.0-1062.4.1.el7.x86_64 (client1.example.com) 	01/11/2020 	_x86_64_	(1 CPU)

02:26:20 AM     CPU     %user     %nice   %system   %iowait    %steal     %idle
02:26:25 AM     all      0.00      0.00      0.40      0.00      0.00     99.60
02:26:30 AM     all      0.00      0.00      0.20      0.00      0.00     99.80
02:26:35 AM     all      0.20      0.00      0.40      0.00      0.00     99.40
02:26:40 AM     all      0.00      0.00      0.00      0.00      0.00    100.00
02:26:45 AM     all      0.00      0.00      0.20      0.00      0.00     99.80
Average:        all      0.04      0.00      0.24      0.00      0.00     99.72[0;39m
[1;95m+------------------------------------------------------------------+[0;39m
[1;95m		Top Memory Process Using top command[0;39m
[1;95m+------------------------------------------------------------------+[0;39m
[1;94mtop - 02:26:46 up 11 min,  1 user,  load average: 0.00, 0.06, 0.09
Tasks: 138 total,   1 running, 137 sleeping,   0 stopped,   0 zombie
%Cpu(s):  0.0 us,  6.2 sy,  0.0 ni, 93.8 id,  0.0 wa,  0.0 hi,  0.0 si,  0.0 st
KiB Mem :   995748 total,   655996 free,   177408 used,   162344 buff/cache
KiB Swap:   839676 total,   839676 free,        0 used.   669332 avail Mem 

   PID USER      PR  NI    VIRT    RES    SHR S %CPU %MEM     TIME+ COMMAND
   853 root      20   0  574212  19500   6120 S  0.0  2.0   0:00.50 tuned
   858 root      20   0 1016544  18552  11320 S  0.0  1.9   0:00.54 libvirtd
   528 polkitd   20   0  624596  10200   4736 S  0.0  1.0   0:00.12 polkitd
   572 root      20   0  478620   9044   6916 S  0.0  0.9   0:00.33 NetworkMan+
     1 root      20   0  128276   6864   4192 S  0.0  0.7   0:02.29 systemd
   531 root      20   0  324492   6768   5272 S  0.0  0.7   0:01.57 vmtoolsd
   530 root      20   0   99684   6072   4460 S  0.0  0.6   0:00.05 VGAuthServ+
   534 root      20   0  228100   5660   3876 S  0.0  0.6   0:00.05 abrtd
  1335 root      20   0  166964   5648   4324 S  0.0  0.6   0:00.23 sshd
   312 root      20   0   48612   5592   2868 S  0.0  0.6   0:00.42 systemd-ud+
   540 root      20   0  430612   5496   4204 S  0.0  0.6   0:00.07 ModemManag+
   536 root      20   0  225756   4804   3324 S  0.0  0.5   0:00.08 abrt-watch+
   549 root      20   0  225756   4796   3320 S  0.0  0.5   0:00.03 abrt-watch+[0;39m

Summary:
[1;94m              total        used        free      shared  buff/cache   available
Mem:            972         172         641           8         158         654
Swap:           819           0         819[0;39m
[1;95m+------------------------------------------------------------------+[0;39m
[1;95m		FileSystem Utilization Report[0;39m
[1;95m+------------------------------------------------------------------+[0;39m
[1;94mFilesystem                 Size  Used Avail Use% Mounted on
/dev/sda3                  6.9G  4.5G  2.5G  65% /[0;39m

[1;95m+------------------------------------------------------------------+[0;39m
[1;95m		Overall I/O Activities Report[0;39m
[1;95m+------------------------------------------------------------------+[0;39m
[1;94mLinux 3.10.0-1062.4.1.el7.x86_64 (client1.example.com) 	01/11/2020 	_x86_64_	(1 CPU)

02:26:49 AM       tps      rtps      wtps   bread/s   bwrtn/s
02:26:50 AM      0.00      0.00      0.00      0.00      0.00
02:26:51 AM      0.00      0.00      0.00      0.00      0.00
02:26:52 AM      0.00      0.00      0.00      0.00      0.00
Average:         0.00      0.00      0.00      0.00      0.00[0;39m
 
[1;94mLinux 3.10.0-1062.4.1.el7.x86_64 (client1.example.com) 	01/11/2020 	_x86_64_	(1 CPU)

02:26:52 AM       DEV       tps  rd_sec/s  wr_sec/s  avgrq-sz  avgqu-sz     await     svctm     %util
02:26:53 AM       sdb      0.00      0.00      0.00      0.00      0.00      0.00      0.00      0.00
02:26:53 AM       sda      0.00      0.00      0.00      0.00      0.00      0.00      0.00      0.00
02:26:53 AM oravg-lv_ext4      0.00      0.00      0.00      0.00      0.00      0.00      0.00      0.00
02:26:53 AM oravg-lv_xfs      0.00      0.00      0.00      0.00      0.00      0.00      0.00      0.00

Average:          DEV       tps  rd_sec/s  wr_sec/s  avgrq-sz  avgqu-sz     await     svctm     %util
Average:          sdb      0.00      0.00      0.00      0.00      0.00      0.00      0.00      0.00
Average:          sda      0.00      0.00      0.00      0.00      0.00      0.00      0.00      0.00
Average:    oravg-lv_ext4      0.00      0.00      0.00      0.00      0.00      0.00      0.00      0.00
Average:    oravg-lv_xfs      0.00      0.00      0.00      0.00      0.00      0.00      0.00      0.00[0;39m
 
Abbreviations:
[1;96mrd_sec/s: This shows you the total number of sectors on that device which is being read
wr_sec/s: If rd_sec/s is sectors being read per second then obviously wr_sec is sectors being written per second
avgrq-sz: This column shows the average
await   : This shows the total number of time that the processor waited for requests regarding IO
%util   : This column shows the usage of cpu in percentage when the request was generated
tps     : Transactions per second (this includes both read and write)
rtps    : Read transactions per second
wtps    : Write transactions per second
bread/s : Bytes read per second
bwrtn/s : Bytes written per second 
[0;39m
